0 verbose cli D:\nodejs\node.exe D:\nodejs\node_modules\npm\bin\npm-cli.js
1 info using npm@11.5.1
2 info using node@v24.7.0
3 silly config load:file:D:\nodejs\node_modules\npm\npmrc
4 silly config load:file:C:\Users\zhanghuaxiang\.npmrc
5 silly config load:file:D:\nodejs\node_global\etc\npmrc
6 verbose title npm install pnpm
7 verbose argv "install" "--global" "pnpm"
8 verbose logfile logs-max:10 dir:C:\Windows\System32\myblog\.npm-cache\_logs\2026-04-07T16_38_25_201Z-
9 verbose logfile C:\Windows\System32\myblog\.npm-cache\_logs\2026-04-07T16_38_25_201Z-debug-0.log
10 silly packumentCache heap:4496293888 maxSize:1124073472 maxEntrySize:562036736
11 silly logfile done cleaning log files
12 silly idealTree buildDeps
13 silly fetch manifest pnpm@*
14 silly packumentCache full:https://registry.npmmirror.com/pnpm cache-miss
15 http fetch GET 200 https://registry.npmmirror.com/pnpm 1477ms (cache miss)
16 silly packumentCache full:https://registry.npmmirror.com/pnpm set size:636636 disposed:false
17 silly placeDep ROOT pnpm@10.33.0 OK for:  want: *
18 silly reify mark retired [
18 silly reify   'D:\\nodejs\\node_global\\node_modules\\pnpm',
18 silly reify   'D:\\nodejs\\node_global\\pnpm',
18 silly reify   'D:\\nodejs\\node_global\\pnpm.cmd',
18 silly reify   'D:\\nodejs\\node_global\\pnpm.ps1',
18 silly reify   'D:\\nodejs\\node_global\\pnpx',
18 silly reify   'D:\\nodejs\\node_global\\pnpx.cmd',
18 silly reify   'D:\\nodejs\\node_global\\pnpx.ps1'
18 silly reify ]
19 silly reify moves {
19 silly reify   'D:\\nodejs\\node_global\\node_modules\\pnpm': 'D:\\nodejs\\node_global\\node_modules\\.pnpm-XxsPQHsw',
19 silly reify   'D:\\nodejs\\node_global\\pnpm': 'D:\\nodejs\\node_global\\.pnpm-1zdfdhw2',
19 silly reify   'D:\\nodejs\\node_global\\pnpm.cmd': 'D:\\nodejs\\node_global\\.pnpm.cmd-eEErSfWJ',
19 silly reify   'D:\\nodejs\\node_global\\pnpm.ps1': 'D:\\nodejs\\node_global\\.pnpm.ps1-r9aHgeWf',
19 silly reify   'D:\\nodejs\\node_global\\pnpx': 'D:\\nodejs\\node_global\\.pnpx-3mKXHdz9',
19 silly reify   'D:\\nodejs\\node_global\\pnpx.cmd': 'D:\\nodejs\\node_global\\.pnpx.cmd-pPJqxyp8',
19 silly reify   'D:\\nodejs\\node_global\\pnpx.ps1': 'D:\\nodejs\\node_global\\.pnpx.ps1-LtLANSud'
19 silly reify }
20 http cache pnpm@https://registry.npmmirror.com/pnpm/-/pnpm-10.33.0.tgz 0ms (cache hit)
21 silly tarball no local data for pnpm@https://registry.npmmirror.com/pnpm/-/pnpm-10.33.0.tgz. Extracting by manifest.
22 http fetch GET 200 https://cdn.npmmirror.com/packages/pnpm/10.33.0/pnpm-10.33.0.tgz 4786ms (cache miss)
23 silly CHANGE node_modules/pnpm
24 verbose cwd C:\Windows\System32\myblog
25 verbose os Windows_NT 10.0.26200
26 verbose node v24.7.0
27 verbose npm  v11.5.1
28 verbose exit 0
29 info ok
